{
  message: "The property 'utf8.' is invalid encoding. Received 'encoding'",
  level: 'error',
  timestamp: '2024-02-12T13:56:10.223Z'
}
{
  message: 'JWT token not found.',
  level: 'error',
  timestamp: '2024-02-12T13:56:10.233Z'
}
{
  message: 'Installation id not found.',
  level: 'error',
  timestamp: '2024-02-12T13:56:10.234Z'
}
{
  message: "The property 'utf8.' is invalid encoding. Received 'encoding'",
  level: 'error',
  timestamp: '2024-02-12T13:56:49.097Z'
}
{
  message: 'JWT token not found.',
  level: 'error',
  timestamp: '2024-02-12T13:56:49.107Z'
}
{
  message: 'Installation id not found.',
  level: 'error',
  timestamp: '2024-02-12T13:56:49.109Z'
}
{
  message: "The property 'utf8.' is invalid encoding. Received 'encoding'",
  level: 'error',
  timestamp: '2024-02-12T13:57:13.323Z'
}
{
  message: 'JWT token not found.',
  level: 'error',
  timestamp: '2024-02-12T13:57:13.335Z'
}
{
  message: 'Installation id not found.',
  level: 'error',
  timestamp: '2024-02-12T13:57:13.337Z'
}
{
  message: "The property 'utf8.' is invalid encoding. Received 'encoding'",
  level: 'error',
  timestamp: '2024-02-12T13:58:02.842Z'
}
{
  message: 'JWT token not found.',
  level: 'error',
  timestamp: '2024-02-12T13:58:02.853Z'
}
{
  message: 'Installation id not found.',
  level: 'error',
  timestamp: '2024-02-12T13:58:02.854Z'
}
{
  message: "The property 'utf8.' is invalid encoding. Received 'encoding'",
  level: 'error',
  timestamp: '2024-02-12T14:01:32.307Z'
}
{
  message: 'JWT token not found.',
  level: 'error',
  timestamp: '2024-02-12T14:01:32.319Z'
}
{
  message: 'Installation id not found.',
  level: 'error',
  timestamp: '2024-02-12T14:01:32.320Z'
}
{
  message: "The property 'utf8.' is invalid encoding. Received 'encoding'",
  level: 'error',
  timestamp: '2024-02-12T14:03:09.624Z'
}
{
  message: 'JWT token not found.',
  level: 'error',
  timestamp: '2024-02-12T14:03:09.633Z'
}
{
  message: 'Installation id not found.',
  level: 'error',
  timestamp: '2024-02-12T14:03:09.634Z'
}
{
  message: "The property 'utf8.' is invalid encoding. Received 'encoding'",
  level: 'info',
  timestamp: '2024-02-12T14:03:32.314Z'
}
{
  message: 'JWT token not found.',
  level: 'error',
  timestamp: '2024-02-12T14:03:32.329Z'
}
{
  message: 'Installation id not found.',
  level: 'error',
  timestamp: '2024-02-12T14:03:32.331Z'
}
{
  message: "The property 'utf8.' is invalid encoding. Received 'encoding'",
  level: 'error',
  timestamp: '2024-02-12T14:04:33.553Z'
}
{
  message: 'JWT token not found.',
  level: 'info',
  timestamp: '2024-02-12T14:04:33.564Z'
}
{
  message: 'Installation id not found.',
  level: 'error',
  timestamp: '2024-02-12T14:04:33.564Z'
}
{
  message: "The property 'utf8.' is invalid encoding. Received 'encoding'",
  level: 'error',
  timestamp: '2024-02-12T14:04:53.260Z'
}
{
  message: 'JWT token not found.',
  level: 'info',
  timestamp: '2024-02-12T14:04:53.277Z'
}
{
  message: 'Installation id not found.',
  level: 'error',
  timestamp: '2024-02-12T14:04:53.278Z'
}
{
  message: "The property 'utf8.' is invalid encoding. Received 'encoding'",
  level: 'error',
  timestamp: '2024-02-12T14:05:07.537Z'
}
{
  message: 'JWT token not found.',
  level: 'info',
  timestamp: '2024-02-12T14:05:07.551Z'
}
{
  message: 'Installation id not found.',
  level: 'error',
  timestamp: '2024-02-12T14:05:07.552Z'
}
{
  message: "The property 'utf8.' is invalid encoding. Received 'encoding'",
  level: 'error',
  timestamp: '2024-02-12T14:06:01.743Z'
}
{
  message: 'JWT token not found.',
  level: 'info',
  timestamp: '2024-02-12T14:06:01.758Z'
}
{
  message: 'Installation id not found.',
  level: 'error',
  timestamp: '2024-02-12T14:06:01.759Z'
}
{
  message: "The property 'utf8.' is invalid encoding. Received 'encoding'",
  level: 'error',
  timestamp: '2024-02-12T14:06:38.635Z'
}
{
  message: 'JWT token not found.',
  level: 'info',
  timestamp: '2024-02-12T14:06:38.654Z'
}
{
  message: 'Installation id not found.',
  level: 'error',
  timestamp: '2024-02-12T14:06:38.655Z'
}
{
  message: "The property 'utf8.' is invalid encoding. Received 'encoding'",
  level: 'error',
  timestamp: '2024-02-12T14:07:05.283Z'
}
{
  message: 'JWT token not found.',
  level: 'info',
  timestamp: '2024-02-12T14:07:05.299Z'
}
{
  message: 'Installation id not found.',
  level: 'error',
  timestamp: '2024-02-12T14:07:05.300Z'
}
{
  message: "The property 'utf8.' is invalid encoding. Received 'encoding'",
  level: 'error',
  timestamp: '2024-02-12T14:08:23.644Z'
}
{
  message: 'JWT token not found.',
  level: 'info',
  timestamp: '2024-02-12T14:08:23.660Z'
}
{
  message: 'Installation id not found.',
  level: 'error',
  timestamp: '2024-02-12T14:08:23.661Z'
}
{
  message: "The property 'utf8.' is invalid encoding. Received 'encoding'",
  level: 'error',
  timestamp: '2024-02-12T14:08:37.370Z'
}
{
  message: 'JWT token not found.',
  level: 'info',
  timestamp: '2024-02-12T14:08:37.383Z'
}
{
  message: 'Installation id not found.',
  level: 'error',
  timestamp: '2024-02-12T14:08:37.384Z'
}
{
  message: "The property 'utf8.' is invalid encoding. Received 'encoding'",
  level: 'error',
  timestamp: '2024-02-12T14:08:49.043Z'
}
{
  message: 'JWT token not found.',
  level: 'info',
  timestamp: '2024-02-12T14:08:49.054Z'
}
{
  message: 'Installation id not found.',
  level: 'error',
  timestamp: '2024-02-12T14:08:49.055Z'
}
{
  message: "The property 'utf8.' is invalid encoding. Received 'encoding'",
  level: 'error',
  timestamp: '2024-02-12T14:10:05.543Z'
}
{
  message: 'JWT token not found.',
  level: 'info',
  timestamp: '2024-02-12T14:10:05.551Z'
}
{
  message: 'Installation id not found.',
  level: 'error',
  timestamp: '2024-02-12T14:10:05.551Z'
}
{
  message: "The property 'utf8.' is invalid encoding. Received 'encoding'",
  level: 'error',
  timestamp: '2024-02-12T14:14:50.405Z'
}
{
  message: 'Error in fetching installation id : [object Object]',
  level: 'error',
  timestamp: '2024-02-12T14:14:50.419Z'
}
{
  message: 'Installation id not found.',
  level: 'error',
  timestamp: '2024-02-12T14:14:50.420Z'
}
{
  message: "The property 'utf8.' is invalid encoding. Received 'encoding'",
  level: 'error',
  timestamp: '2024-02-12T14:15:38.183Z'
}
{
  message: 'Error in fetching installation id : [object Object]',
  level: 'error',
  timestamp: '2024-02-12T14:15:38.210Z'
}
{
  message: 'Installation id not found.',
  level: 'error',
  timestamp: '2024-02-12T14:15:38.212Z'
}
{
  message: "The property 'utf8.' is invalid encoding. Received 'encoding'",
  level: 'error',
  timestamp: '2024-02-12T14:16:13.582Z'
}
{
  message: 'JWT token not found.',
  level: 'error',
  timestamp: '2024-02-12T14:16:13.594Z'
}
{
  message: 'Installation id not found.',
  level: 'error',
  timestamp: '2024-02-12T14:16:13.595Z'
}
{
  message: "The property 'utf8.' is invalid encoding. Received 'encoding'",
  level: 'error',
  timestamp: '2024-02-12T14:19:05.387Z'
}
{
  message: 'JWT token not found.',
  level: 'error',
  timestamp: '2024-02-12T14:19:05.398Z'
}
{
  message: 'Installation id not found.',
  level: 'error',
  timestamp: '2024-02-12T14:19:05.399Z'
}
{
  message: "The property 'utf8.' is invalid encoding. Received 'encoding'",
  level: 'error',
  timestamp: '2024-02-12T14:19:23.408Z'
}
{
  message: 'JWT token not found.',
  level: 'error',
  timestamp: '2024-02-12T14:19:23.420Z'
}
{
  message: 'Installation id not found.',
  level: 'error',
  timestamp: '2024-02-12T14:19:23.422Z'
}
{
  message: "The property 'utf8.' is invalid encoding. Received 'encoding'",
  level: 'error',
  timestamp: '2024-02-12T14:20:06.233Z'
}
{
  message: 'Error in fetching installation id : undefined',
  level: 'error',
  timestamp: '2024-02-12T14:20:06.245Z'
}
{
  message: 'Installation id not found.',
  level: 'error',
  timestamp: '2024-02-12T14:20:06.246Z'
}
{
  message: "The property 'utf8.' is invalid encoding. Received 'encoding'",
  level: 'error',
  timestamp: '2024-02-12T14:20:34.023Z'
}
{
  message: 'Error in fetching installation id : undefined',
  level: 'error',
  timestamp: '2024-02-12T14:20:34.036Z'
}
{
  message: 'Installation id not found.',
  level: 'error',
  timestamp: '2024-02-12T14:20:34.038Z'
}
{
  message: "The property 'utf8.' is invalid encoding. Received 'encoding'",
  level: 'error',
  timestamp: '2024-02-12T14:21:26.837Z'
}
{
  message: 'JWT token not found.',
  level: 'error',
  timestamp: '2024-02-12T14:21:26.847Z'
}
{
  message: 'Installation id not found.',
  level: 'error',
  timestamp: '2024-02-12T14:21:26.849Z'
}
{
  message: "The property 'utf8.' is invalid encoding. Received 'encoding'",
  level: 'error',
  timestamp: '2024-02-12T14:23:16.758Z'
}
{
  message: 'Error in fetching installation id : undefined',
  level: 'error',
  timestamp: '2024-02-12T14:23:16.772Z'
}
{
  message: 'Installation id not found.',
  level: 'error',
  timestamp: '2024-02-12T14:23:16.774Z'
}
{
  message: "The property 'utf8.' is invalid encoding. Received 'encoding'",
  level: 'error',
  timestamp: '2024-02-12T14:24:00.678Z'
}
{
  message: 'JWT token not found.',
  level: 'error',
  timestamp: '2024-02-12T14:24:00.690Z'
}
{
  message: 'Installation id not found.',
  level: 'error',
  timestamp: '2024-02-12T14:24:00.692Z'
}
{
  message: "The property 'utf8.' is invalid encoding. Received 'encoding'",
  level: 'error',
  timestamp: '2024-02-12T14:34:08.374Z'
}
{
  message: 'JWT token not found.',
  level: 'error',
  timestamp: '2024-02-12T14:34:08.393Z'
}
{
  message: 'Installation id not found.',
  level: 'error',
  timestamp: '2024-02-12T14:34:08.395Z'
}
